root - WARNING - This will get logged to a file
root - INFO - xd
urllib3.connectionpool - DEBUG - Starting new HTTPS connection (1): api.wit.ai:443
urllib3.connectionpool - DEBUG - https://api.wit.ai:443 "POST /speech HTTP/1.1" 200 320
comtypes - DEBUG - Release <POINTER(IMMDeviceEnumerator) ptr=0x36754d0 at 3d64c10>
comtypes - DEBUG - Release <POINTER(IMMDevice) ptr=0x37fc318 at 3d64cb0>
comtypes - DEBUG - Release <POINTER(IAudioEndpointVolume) ptr=0x3893b18 at 3d64990>
root - INFO - Wit response: {'entities': {}, 'intents': [{'confidence': 0.9942, 'id': '775632556544705', 'name': 'volumen_set'}], 'text': 'sube todo el volumen', 'traits': {'sube_todo': [{'confidence': 0.9791, 'id': '1503213066547779', 'value': '100'}]}}
root - INFO - ----------
comtypes - DEBUG - Calling CoUnititialize()
comtypes - DEBUG - CoUnititialize() done.
urllib3.connectionpool - DEBUG - Starting new HTTPS connection (1): api.wit.ai:443
urllib3.connectionpool - DEBUG - https://api.wit.ai:443 "POST /speech HTTP/1.1" 200 1199
root - INFO - Wit response: {'entities': {'esty_action:esty_action': [{'body': 'crear', 'confidence': 0.9899, 'end': 5, 'entities': [], 'id': '677616389793578', 'name': 'esty_action', 'role': 'esty_action', 'start': 0, 'type': 'value', 'value': 'crear'}], 'esty_object:esty_object': [{'body': 'contacto', 'confidence': 0.9891, 'end': 17, 'entities': [], 'id': '138458051060453', 'name': 'esty_object', 'role': 'esty_object', 'start': 9, 'type': 'value', 'value': 'contacto'}], 'wit$message_body:message_body': [{'body': 'raúl', 'confidence': 0.9156, 'end': 22, 'entities': [], 'id': '136485221287369', 'name': 'wit$message_body', 'role': 'message_body', 'start': 18, 'suggested': True, 'type': 'value', 'value': 'raúl'}]}, 'intents': [{'confidence': 0.8749, 'id': '209201157319237', 'name': 'create_contact'}], 'text': 'crear el contacto raúl', 'traits': {}}
root - INFO - ----------
urllib3.connectionpool - DEBUG - Starting new HTTPS connection (1): api.wit.ai:443
urllib3.connectionpool - DEBUG - https://api.wit.ai:443 "POST /speech HTTP/1.1" 200 1869
root - INFO - Wit response: {'entities': {'esty_action:esty_action': [{'body': 'crear', 'confidence': 0.9924, 'end': 5, 'entities': [], 'id': '677616389793578', 'name': 'esty_action', 'role': 'esty_action', 'start': 0, 'type': 'value', 'value': 'crear'}, {'body': 'tres', 'confidence': 0.3297, 'end': 34, 'entities': [], 'id': '677616389793578', 'name': 'esty_action', 'role': 'esty_action', 'start': 30, 'suggested': True, 'type': 'value', 'value': 'tres'}], 'esty_object:esty_object': [{'body': 'contacto', 'confidence': 0.9801, 'end': 17, 'entities': [], 'id': '138458051060453', 'name': 'esty_object', 'role': 'esty_object', 'start': 9, 'type': 'value', 'value': 'contacto'}], 'wit$message_body:message_body': [{'body': 'cincuenta', 'confidence': 0.79, 'end': 27, 'entities': [], 'id': '136485221287369', 'name': 'wit$message_body', 'role': 'message_body', 'start': 18, 'suggested': True, 'type': 'value', 'value': 'cincuenta'}, {'body': 'veintiocho uno', 'confidence': 0.8589, 'end': 49, 'entities': [], 'id': '136485221287369', 'name': 'wit$message_body', 'role': 'message_body', 'start': 35, 'suggested': True, 'type': 'value', 'value': 'veintiocho uno'}]}, 'intents': [{'confidence': 0.9719, 'id': '209201157319237', 'name': 'create_contact'}], 'text': 'crear el contacto cincuenta y tres veintiocho uno', 'traits': {}}
root - INFO - ----------
urllib3.connectionpool - DEBUG - Starting new HTTPS connection (1): api.wit.ai:443
urllib3.connectionpool - DEBUG - https://api.wit.ai:443 "POST /speech HTTP/1.1" 200 1701
root - INFO - Wit response: {'entities': {'esty_action:esty_action': [{'body': 'crear', 'confidence': 0.9919, 'end': 5, 'entities': [], 'id': '677616389793578', 'name': 'esty_action', 'role': 'esty_action', 'start': 0, 'type': 'value', 'value': 'crear'}], 'esty_object:esty_object': [{'body': 'contacto', 'confidence': 0.9647, 'end': 17, 'entities': [], 'id': '138458051060453', 'name': 'esty_object', 'role': 'esty_object', 'start': 9, 'type': 'value', 'value': 'contacto'}], 'wit$number:number': [{'body': 'treinta y dos', 'confidence': 1, 'end': 31, 'entities': [], 'id': '659378928091592', 'name': 'wit$number', 'role': 'number', 'start': 18, 'type': 'value', 'value': 32}, {'body': 'veintiuno', 'confidence': 1, 'end': 41, 'entities': [], 'id': '659378928091592', 'name': 'wit$number', 'role': 'number', 'start': 32, 'type': 'value', 'value': 21}, {'body': 'tres', 'confidence': 1, 'end': 46, 'entities': [], 'id': '659378928091592', 'name': 'wit$number', 'role': 'number', 'start': 42, 'type': 'value', 'value': 3}]}, 'intents': [{'confidence': 0.9957, 'id': '209201157319237', 'name': 'create_contact'}], 'text': 'crear el contacto treinta y dos veintiuno tres', 'traits': {}}
root - INFO - ----------
urllib3.connectionpool - DEBUG - Starting new HTTPS connection (1): api.wit.ai:443
urllib3.connectionpool - DEBUG - https://api.wit.ai:443 "POST /speech HTTP/1.1" 200 2210
root - INFO - Wit response: {'entities': {'esty_action:esty_action': [{'body': 'crear', 'confidence': 0.9928, 'end': 5, 'entities': [], 'id': '677616389793578', 'name': 'esty_action', 'role': 'esty_action', 'start': 0, 'type': 'value', 'value': 'crear'}], 'esty_object:esty_object': [{'body': 'contacto', 'confidence': 0.9736, 'end': 17, 'entities': [], 'id': '138458051060453', 'name': 'esty_object', 'role': 'esty_object', 'start': 9, 'type': 'value', 'value': 'contacto'}], 'wit$number:number': [{'body': 'dos', 'confidence': 1, 'end': 21, 'entities': [], 'id': '659378928091592', 'name': 'wit$number', 'role': 'number', 'start': 18, 'type': 'value', 'value': 2}, {'body': 'mil', 'confidence': 1, 'end': 25, 'entities': [], 'id': '659378928091592', 'name': 'wit$number', 'role': 'number', 'start': 22, 'type': 'value', 'value': 1000}, {'body': 'veinte', 'confidence': 1, 'end': 32, 'entities': [], 'id': '659378928091592', 'name': 'wit$number', 'role': 'number', 'start': 26, 'type': 'value', 'value': 20}, {'body': 'doce', 'confidence': 1, 'end': 37, 'entities': [], 'id': '659378928091592', 'name': 'wit$number', 'role': 'number', 'start': 33, 'type': 'value', 'value': 12}, {'body': 'uno', 'confidence': 1, 'end': 41, 'entities': [], 'id': '659378928091592', 'name': 'wit$number', 'role': 'number', 'start': 38, 'type': 'value', 'value': 1}]}, 'intents': [{'confidence': 0.9915, 'id': '209201157319237', 'name': 'create_contact'}], 'text': 'crear el contacto dos mil veinte doce uno', 'traits': {}}
root - INFO - ----------
urllib3.connectionpool - DEBUG - Starting new HTTPS connection (1): api.wit.ai:443
urllib3.connectionpool - DEBUG - https://api.wit.ai:443 "POST /speech HTTP/1.1" 200 1706
root - INFO - Wit response: {'entities': {'esty_action:esty_action': [{'body': 'crear', 'confidence': 0.9938, 'end': 5, 'entities': [], 'id': '677616389793578', 'name': 'esty_action', 'role': 'esty_action', 'start': 0, 'type': 'value', 'value': 'crear'}], 'esty_object:esty_object': [{'body': 'contacto', 'confidence': 0.9819, 'end': 17, 'entities': [], 'id': '138458051060453', 'name': 'esty_object', 'role': 'esty_object', 'start': 9, 'type': 'value', 'value': 'contacto'}], 'wit$number:number': [{'body': 'treinta y dos', 'confidence': 1, 'end': 31, 'entities': [], 'id': '659378928091592', 'name': 'wit$number', 'role': 'number', 'start': 18, 'type': 'value', 'value': 32}, {'body': 'once', 'confidence': 1, 'end': 36, 'entities': [], 'id': '659378928091592', 'name': 'wit$number', 'role': 'number', 'start': 32, 'type': 'value', 'value': 11}, {'body': 'veinticinco', 'confidence': 1, 'end': 48, 'entities': [], 'id': '659378928091592', 'name': 'wit$number', 'role': 'number', 'start': 37, 'type': 'value', 'value': 25}]}, 'intents': [{'confidence': 0.9988, 'id': '209201157319237', 'name': 'create_contact'}], 'text': 'crear el contacto treinta y dos once veinticinco', 'traits': {}}
root - INFO - ----------
urllib3.connectionpool - DEBUG - Starting new HTTPS connection (1): api.wit.ai:443
urllib3.connectionpool - DEBUG - https://api.wit.ai:443 "POST /speech HTTP/1.1" 200 1411
root - INFO - Wit response: {'entities': {'esty_action:esty_action': [{'body': 'crear', 'confidence': 0.968, 'end': 5, 'entities': [], 'id': '677616389793578', 'name': 'esty_action', 'role': 'esty_action', 'start': 0, 'type': 'value', 'value': 'crear'}], 'esty_object:esty_object': [{'body': 'contacto', 'confidence': 0.896, 'end': 14, 'entities': [], 'id': '138458051060453', 'name': 'esty_object', 'role': 'esty_object', 'start': 6, 'type': 'value', 'value': 'contacto'}], 'wit$number:number': [{'body': 'quince', 'confidence': 1, 'end': 21, 'entities': [], 'id': '659378928091592', 'name': 'wit$number', 'role': 'number', 'start': 15, 'type': 'value', 'value': 15}, {'body': 'cero dos', 'confidence': 1, 'end': 30, 'entities': [], 'id': '659378928091592', 'name': 'wit$number', 'role': 'number', 'start': 22, 'type': 'value', 'value': 2}]}, 'intents': [{'confidence': 0.9652, 'id': '209201157319237', 'name': 'create_contact'}], 'text': 'crear contacto quince cero dos', 'traits': {}}
root - INFO - ----------
urllib3.connectionpool - DEBUG - Starting new HTTPS connection (1): api.wit.ai:443
urllib3.connectionpool - DEBUG - https://api.wit.ai:443 "POST /speech HTTP/1.1" 200 1443
root - INFO - Wit response: {'entities': {'esty_action:esty_action': [{'body': 'crear', 'confidence': 0.9938, 'end': 5, 'entities': [], 'id': '677616389793578', 'name': 'esty_action', 'role': 'esty_action', 'start': 0, 'type': 'value', 'value': 'crear'}], 'esty_object:esty_object': [{'body': 'contacto', 'confidence': 0.9839, 'end': 17, 'entities': [], 'id': '138458051060453', 'name': 'esty_object', 'role': 'esty_object', 'start': 9, 'type': 'value', 'value': 'contacto'}], 'wit$number:number': [{'body': 'cincuenta y ocho', 'confidence': 1, 'end': 34, 'entities': [], 'id': '659378928091592', 'name': 'wit$number', 'role': 'number', 'start': 18, 'type': 'value', 'value': 58}, {'body': 'veinticinco', 'confidence': 1, 'end': 46, 'entities': [], 'id': '659378928091592', 'name': 'wit$number', 'role': 'number', 'start': 35, 'type': 'value', 'value': 25}]}, 'intents': [{'confidence': 0.9948, 'id': '209201157319237', 'name': 'create_contact'}], 'text': 'crear el contacto cincuenta y ocho veinticinco', 'traits': {}}
root - INFO - ----------
comtypes - DEBUG - Calling CoUnititialize()
comtypes - DEBUG - CoUnititialize() done.
urllib3.connectionpool - DEBUG - Starting new HTTPS connection (1): api.wit.ai:443
urllib3.connectionpool - DEBUG - https://api.wit.ai:443 "POST /speech HTTP/1.1" 200 1218
root - INFO - Wit response: {'entities': {'bichito_action:bichito_action': [{'body': 'crear', 'confidence': 0.9881, 'end': 5, 'entities': [], 'id': '1780070875477104', 'name': 'bichito_action', 'role': 'bichito_action', 'start': 0, 'type': 'value', 'value': 'crear'}], 'bichito_object:bichito_object': [{'body': 'contacto', 'confidence': 0.9916, 'end': 14, 'entities': [], 'id': '819756502197093', 'name': 'bichito_object', 'role': 'bichito_object', 'start': 6, 'type': 'value', 'value': 'contacto'}], 'wit$message_body:message_body': [{'body': 'juan', 'confidence': 0.9807, 'end': 19, 'entities': [], 'id': '161096279047039', 'name': 'wit$message_body', 'role': 'message_body', 'start': 15, 'suggested': True, 'type': 'value', 'value': 'juan'}]}, 'intents': [{'confidence': 0.9887, 'id': '123354919431533', 'name': 'create_contact'}], 'text': 'crear contacto juan', 'traits': {}}
root - INFO - ----------
comtypes - DEBUG - Calling CoUnititialize()
comtypes - DEBUG - CoUnititialize() done.
urllib3.connectionpool - DEBUG - Starting new HTTPS connection (1): api.wit.ai:443
urllib3.connectionpool - DEBUG - https://api.wit.ai:443 "POST /speech HTTP/1.1" 200 1224
root - INFO - Creando contacto: daniel
comtypes - DEBUG - Calling CoUnititialize()
comtypes - DEBUG - CoUnititialize() done.
urllib3.connectionpool - DEBUG - Starting new HTTPS connection (1): api.wit.ai:443
urllib3.connectionpool - DEBUG - https://api.wit.ai:443 "POST /speech HTTP/1.1" 200 1224
root - INFO - Creando contacto: javier
root - INFO - Wit response: {'entities': {'bichito_action:bichito_action': [{'body': 'crear', 'confidence': 0.9881, 'end': 5, 'entities': [], 'id': '1780070875477104', 'name': 'bichito_action', 'role': 'bichito_action', 'start': 0, 'type': 'value', 'value': 'crear'}], 'bichito_object:bichito_object': [{'body': 'contacto', 'confidence': 0.9919, 'end': 14, 'entities': [], 'id': '819756502197093', 'name': 'bichito_object', 'role': 'bichito_object', 'start': 6, 'type': 'value', 'value': 'contacto'}], 'wit$message_body:message_body': [{'body': 'javier', 'confidence': 0.9823, 'end': 21, 'entities': [], 'id': '161096279047039', 'name': 'wit$message_body', 'role': 'message_body', 'start': 15, 'suggested': True, 'type': 'value', 'value': 'javier'}]}, 'intents': [{'confidence': 0.9909, 'id': '123354919431533', 'name': 'create_contact'}], 'text': 'crear contacto javier', 'traits': {}}
root - INFO - ----------
comtypes - DEBUG - Calling CoUnititialize()
comtypes - DEBUG - CoUnititialize() done.
urllib3.connectionpool - DEBUG - Starting new HTTPS connection (1): api.wit.ai:443
urllib3.connectionpool - DEBUG - https://api.wit.ai:443 "POST /speech HTTP/1.1" 200 1236
root - INFO - Creando contacto: ray rojas
root - INFO - Wit response: {'entities': {'bichito_action:bichito_action': [{'body': 'crear', 'confidence': 0.9837, 'end': 5, 'entities': [], 'id': '1780070875477104', 'name': 'bichito_action', 'role': 'bichito_action', 'start': 0, 'type': 'value', 'value': 'crear'}], 'bichito_object:bichito_object': [{'body': 'contacto', 'confidence': 0.9697, 'end': 17, 'entities': [], 'id': '819756502197093', 'name': 'bichito_object', 'role': 'bichito_object', 'start': 9, 'type': 'value', 'value': 'contacto'}], 'wit$message_body:message_body': [{'body': 'ray rojas', 'confidence': 0.8693, 'end': 27, 'entities': [], 'id': '161096279047039', 'name': 'wit$message_body', 'role': 'message_body', 'start': 18, 'suggested': True, 'type': 'value', 'value': 'ray rojas'}]}, 'intents': [{'confidence': 0.9943, 'id': '123354919431533', 'name': 'create_contact'}], 'text': 'crear el contacto ray rojas', 'traits': {}}
root - INFO - ----------
urllib3.connectionpool - DEBUG - Starting new HTTPS connection (1): api.wit.ai:443
urllib3.connectionpool - DEBUG - https://api.wit.ai:443 "POST /speech HTTP/1.1" 200 1237
root - INFO - Creando contacto: javier
root - INFO - Wit response: {'entities': {'bichito_action:bichito_action': [{'body': 'eliminar', 'confidence': 0.9694, 'end': 8, 'entities': [], 'id': '1780070875477104', 'name': 'bichito_action', 'role': 'bichito_action', 'start': 0, 'type': 'value', 'value': 'eliminar'}], 'bichito_object:bichito_object': [{'body': 'contacto', 'confidence': 0.9868, 'end': 20, 'entities': [], 'id': '819756502197093', 'name': 'bichito_object', 'role': 'bichito_object', 'start': 12, 'type': 'value', 'value': 'contacto'}], 'wit$message_body:message_body': [{'body': 'javier', 'confidence': 0.9806, 'end': 27, 'entities': [], 'id': '161096279047039', 'name': 'wit$message_body', 'role': 'message_body', 'start': 21, 'suggested': True, 'type': 'value', 'value': 'javier'}]}, 'intents': [{'confidence': 0.8825, 'id': '123354919431533', 'name': 'create_contact'}], 'text': 'eliminar el contacto javier', 'traits': {}}
root - INFO - ----------
urllib3.connectionpool - DEBUG - Starting new HTTPS connection (1): api.wit.ai:443
urllib3.connectionpool - DEBUG - https://api.wit.ai:443 "POST /speech HTTP/1.1" 200 1237
root - INFO - Wit response: {'entities': {'bichito_action:bichito_action': [{'body': 'eliminar', 'confidence': 0.9833, 'end': 8, 'entities': [], 'id': '1780070875477104', 'name': 'bichito_action', 'role': 'bichito_action', 'start': 0, 'type': 'value', 'value': 'eliminar'}], 'bichito_object:bichito_object': [{'body': 'contacto', 'confidence': 0.9907, 'end': 20, 'entities': [], 'id': '819756502197093', 'name': 'bichito_object', 'role': 'bichito_object', 'start': 12, 'type': 'value', 'value': 'contacto'}], 'wit$message_body:message_body': [{'body': 'javier', 'confidence': 0.986, 'end': 27, 'entities': [], 'id': '161096279047039', 'name': 'wit$message_body', 'role': 'message_body', 'start': 21, 'suggested': True, 'type': 'value', 'value': 'javier'}]}, 'intents': [{'confidence': 0.9921, 'id': '3438880412876719', 'name': 'delete_contact'}], 'text': 'eliminar el contacto javier', 'traits': {}}
root - INFO - ----------
comtypes - DEBUG - Calling CoUnititialize()
comtypes - DEBUG - CoUnititialize() done.
urllib3.connectionpool - DEBUG - Starting new HTTPS connection (1): api.wit.ai:443
urllib3.connectionpool - DEBUG - https://api.wit.ai:443 "POST /speech HTTP/1.1" 200 1235
root - INFO - Eliminar contacto: pilar
root - INFO - Wit response: {'entities': {'bichito_action:bichito_action': [{'body': 'eliminar', 'confidence': 0.9828, 'end': 8, 'entities': [], 'id': '1780070875477104', 'name': 'bichito_action', 'role': 'bichito_action', 'start': 0, 'type': 'value', 'value': 'eliminar'}], 'bichito_object:bichito_object': [{'body': 'contacto', 'confidence': 0.9851, 'end': 20, 'entities': [], 'id': '819756502197093', 'name': 'bichito_object', 'role': 'bichito_object', 'start': 12, 'type': 'value', 'value': 'contacto'}], 'wit$message_body:message_body': [{'body': 'pilar', 'confidence': 0.9682, 'end': 26, 'entities': [], 'id': '161096279047039', 'name': 'wit$message_body', 'role': 'message_body', 'start': 21, 'suggested': True, 'type': 'value', 'value': 'pilar'}]}, 'intents': [{'confidence': 0.9868, 'id': '3438880412876719', 'name': 'delete_contact'}], 'text': 'eliminar el contacto pilar', 'traits': {}}
root - INFO - ----------
urllib3.connectionpool - DEBUG - Starting new HTTPS connection (1): api.wit.ai:443
urllib3.connectionpool - DEBUG - https://api.wit.ai:443 "POST /speech HTTP/1.1" 200 1316
comtypes - DEBUG - Release <POINTER(IMMDeviceEnumerator) ptr=0x3675da0 at 3d65a30>
comtypes - DEBUG - Release <POINTER(IMMDevice) ptr=0x37e7c30 at 3d65c60>
comtypes - DEBUG - Release <POINTER(IAudioEndpointVolume) ptr=0x3892aa8 at 3d65c10>
root - INFO - Wit response: {'entities': {'bichito_action:bichito_action': [{'body': 'si', 'confidence': 0.4232, 'end': 2, 'entities': [], 'id': '1780070875477104', 'name': 'bichito_action', 'role': 'bichito_action', 'start': 0, 'suggested': True, 'type': 'value', 'value': 'si'}, {'body': 'todo', 'confidence': 0.4814, 'end': 12, 'entities': [], 'id': '1780070875477104', 'name': 'bichito_action', 'role': 'bichito_action', 'start': 8, 'suggested': True, 'type': 'value', 'value': 'todo'}, {'body': 'volumen', 'confidence': 0.3681, 'end': 23, 'entities': [], 'id': '1780070875477104', 'name': 'bichito_action', 'role': 'bichito_action', 'start': 16, 'suggested': True, 'type': 'value', 'value': 'volumen'}]}, 'intents': [{'confidence': 0.984, 'id': '190787296025640', 'name': 'down_out_volume'}], 'text': 'si baja todo el volumen', 'traits': {'baja_todo': [{'confidence': 0.987, 'id': '3659321807486114', 'value': 'baja_todo'}]}}
root - INFO - ----------
urllib3.connectionpool - DEBUG - Starting new HTTPS connection (1): api.wit.ai:443
urllib3.connectionpool - DEBUG - https://api.wit.ai:443 "POST /speech HTTP/1.1" 200 1004
comtypes - DEBUG - Release <POINTER(IMMDeviceEnumerator) ptr=0x3675da0 at 3d65940>
comtypes - DEBUG - Release <POINTER(IMMDevice) ptr=0x38d35b8 at 3d65d00>
comtypes - DEBUG - Release <POINTER(IAudioEndpointVolume) ptr=0x3892c70 at 3d65c60>
root - INFO - Wit response: {'entities': {'bichito_action:bichito_action': [{'body': 'todo', 'confidence': 0.4117, 'end': 9, 'entities': [], 'id': '1780070875477104', 'name': 'bichito_action', 'role': 'bichito_action', 'start': 5, 'suggested': True, 'type': 'value', 'value': 'todo'}, {'body': 'volumen', 'confidence': 0.3644, 'end': 20, 'entities': [], 'id': '1780070875477104', 'name': 'bichito_action', 'role': 'bichito_action', 'start': 13, 'suggested': True, 'type': 'value', 'value': 'volumen'}]}, 'intents': [{'confidence': 0.9832, 'id': '202653258143928', 'name': 'up_full_volume'}], 'text': 'sube todo el volumen', 'traits': {'sube_todo': [{'confidence': 0.986, 'id': '712234336388439', 'value': 'sube_todo'}]}}
root - INFO - ----------
urllib3.connectionpool - DEBUG - Starting new HTTPS connection (1): api.wit.ai:443
urllib3.connectionpool - DEBUG - https://api.wit.ai:443 "POST /speech HTTP/1.1" 200 1232
root - INFO - Wit response: {'entities': {'bichito_action:bichito_action': [{'body': 'okey', 'confidence': 0.4392, 'end': 4, 'entities': [], 'id': '1780070875477104', 'name': 'bichito_action', 'role': 'bichito_action', 'start': 0, 'suggested': True, 'type': 'value', 'value': 'okey'}, {'body': 'abre', 'confidence': 0.4889, 'end': 15, 'entities': [], 'id': '1780070875477104', 'name': 'bichito_action', 'role': 'bichito_action', 'start': 11, 'suggested': True, 'type': 'value', 'value': 'abre'}], 'wit$message_body:message_body': [{'body': 'el correo', 'confidence': 0.9247, 'end': 25, 'entities': [], 'id': '161096279047039', 'name': 'wit$message_body', 'role': 'message_body', 'start': 16, 'suggested': True, 'type': 'value', 'value': 'el correo'}]}, 'intents': [{'confidence': 0.9933, 'id': '211902447125014', 'name': 'abre_correo'}], 'text': 'okey bicho abre el correo', 'traits': {}}
root - INFO - ----------
urllib3.connectionpool - DEBUG - Starting new HTTPS connection (1): api.wit.ai:443
urllib3.connectionpool - DEBUG - https://api.wit.ai:443 "POST /speech HTTP/1.1" 200 1045
comtypes - DEBUG - Release <POINTER(IMMDeviceEnumerator) ptr=0x3675da0 at 3d65a80>
comtypes - DEBUG - Release <POINTER(IMMDevice) ptr=0x37e7c60 at 3d65df0>
comtypes - DEBUG - Release <POINTER(IAudioEndpointVolume) ptr=0x3892c70 at 3d65ad0>
root - INFO - Wit response: {'entities': {'bichito_action:bichito_action': [{'body': 'baja', 'confidence': 0.7329, 'end': 4, 'entities': [], 'id': '1780070875477104', 'name': 'bichito_action', 'role': 'bichito_action', 'start': 0, 'suggested': True, 'type': 'value', 'value': 'baja'}], 'wit$message_body:message_body': [{'body': 'volumen', 'confidence': 0.9355, 'end': 15, 'entities': [], 'id': '161096279047039', 'name': 'wit$message_body', 'role': 'message_body', 'start': 8, 'suggested': True, 'type': 'value', 'value': 'volumen'}]}, 'intents': [{'confidence': 0.9644, 'id': '190787296025640', 'name': 'down_out_volume'}], 'text': 'baja el volumen', 'traits': {'baja_todo': [{'confidence': 0.9835, 'id': '3659321807486114', 'value': 'baja_todo'}]}}
root - INFO - ----------
urllib3.connectionpool - DEBUG - Starting new HTTPS connection (1): api.wit.ai:443
urllib3.connectionpool - DEBUG - https://api.wit.ai:443 "POST /speech HTTP/1.1" 200 1005
comtypes - DEBUG - Release <POINTER(IMMDeviceEnumerator) ptr=0x3675da0 at 3d65df0>
comtypes - DEBUG - Release <POINTER(IMMDevice) ptr=0x38d35e8 at 3d65e40>
comtypes - DEBUG - Release <POINTER(IAudioEndpointVolume) ptr=0x3892aa8 at 3d65ad0>
root - INFO - Wit response: {'entities': {'bichito_action:bichito_action': [{'body': 'todo', 'confidence': 0.4117, 'end': 9, 'entities': [], 'id': '1780070875477104', 'name': 'bichito_action', 'role': 'bichito_action', 'start': 5, 'suggested': True, 'type': 'value', 'value': 'todo'}, {'body': 'volumen', 'confidence': 0.3644, 'end': 20, 'entities': [], 'id': '1780070875477104', 'name': 'bichito_action', 'role': 'bichito_action', 'start': 13, 'suggested': True, 'type': 'value', 'value': 'volumen'}]}, 'intents': [{'confidence': 0.9831, 'id': '202653258143928', 'name': 'up_full_volume'}], 'text': 'sube todo el volumen', 'traits': {'sube_todo': [{'confidence': 0.9861, 'id': '712234336388439', 'value': 'sube_todo'}]}}
root - INFO - ----------
urllib3.connectionpool - DEBUG - Starting new HTTPS connection (1): api.wit.ai:443
urllib3.connectionpool - DEBUG - https://api.wit.ai:443 "POST /speech HTTP/1.1" 200 1232
root - INFO - Wit response: {'entities': {'bichito_action:bichito_action': [{'body': 'okey', 'confidence': 0.4392, 'end': 4, 'entities': [], 'id': '1780070875477104', 'name': 'bichito_action', 'role': 'bichito_action', 'start': 0, 'suggested': True, 'type': 'value', 'value': 'okey'}, {'body': 'abre', 'confidence': 0.4889, 'end': 15, 'entities': [], 'id': '1780070875477104', 'name': 'bichito_action', 'role': 'bichito_action', 'start': 11, 'suggested': True, 'type': 'value', 'value': 'abre'}], 'wit$message_body:message_body': [{'body': 'el correo', 'confidence': 0.9247, 'end': 25, 'entities': [], 'id': '161096279047039', 'name': 'wit$message_body', 'role': 'message_body', 'start': 16, 'suggested': True, 'type': 'value', 'value': 'el correo'}]}, 'intents': [{'confidence': 0.9933, 'id': '211902447125014', 'name': 'abre_correo'}], 'text': 'okey bicho abre el correo', 'traits': {}}
root - INFO - ----------
urllib3.connectionpool - DEBUG - Starting new HTTPS connection (1): api.wit.ai:443
urllib3.connectionpool - DEBUG - https://api.wit.ai:443 "POST /speech HTTP/1.1" 200 1227
root - INFO - Creando contacto: es ir a
root - INFO - Wit response: {'entities': {'bichito_action:bichito_action': [{'body': 'crear', 'confidence': 0.9664, 'end': 5, 'entities': [], 'id': '1780070875477104', 'name': 'bichito_action', 'role': 'bichito_action', 'start': 0, 'type': 'value', 'value': 'crear'}], 'bichito_object:bichito_object': [{'body': 'contacto', 'confidence': 0.791, 'end': 14, 'entities': [], 'id': '819756502197093', 'name': 'bichito_object', 'role': 'bichito_object', 'start': 6, 'type': 'value', 'value': 'contacto'}], 'wit$message_body:message_body': [{'body': 'es ir a', 'confidence': 0.4528, 'end': 23, 'entities': [], 'id': '161096279047039', 'name': 'wit$message_body', 'role': 'message_body', 'start': 16, 'suggested': True, 'type': 'value', 'value': 'es ir a'}]}, 'intents': [{'confidence': 0.9708, 'id': '123354919431533', 'name': 'create_contact'}], 'text': 'crear contactos es ir a', 'traits': {}}
root - INFO - ----------
urllib3.connectionpool - DEBUG - Starting new HTTPS connection (1): api.wit.ai:443
urllib3.connectionpool - DEBUG - https://api.wit.ai:443 "POST /speech HTTP/1.1" 200 1223
root - INFO - Creando contacto: lizeth
root - INFO - Wit response: {'entities': {'bichito_action:bichito_action': [{'body': 'crear', 'confidence': 0.9915, 'end': 5, 'entities': [], 'id': '1780070875477104', 'name': 'bichito_action', 'role': 'bichito_action', 'start': 0, 'type': 'value', 'value': 'crear'}], 'bichito_object:bichito_object': [{'body': 'contacto', 'confidence': 0.9924, 'end': 14, 'entities': [], 'id': '819756502197093', 'name': 'bichito_object', 'role': 'bichito_object', 'start': 6, 'type': 'value', 'value': 'contacto'}], 'wit$message_body:message_body': [{'body': 'lizeth', 'confidence': 0.9783, 'end': 21, 'entities': [], 'id': '161096279047039', 'name': 'wit$message_body', 'role': 'message_body', 'start': 15, 'suggested': True, 'type': 'value', 'value': 'lizeth'}]}, 'intents': [{'confidence': 0.974, 'id': '123354919431533', 'name': 'create_contact'}], 'text': 'crear contacto lizeth', 'traits': {}}
root - INFO - ----------
urllib3.connectionpool - DEBUG - Starting new HTTPS connection (1): api.wit.ai:443
urllib3.connectionpool - DEBUG - https://api.wit.ai:443 "POST /speech HTTP/1.1" 200 1234
root - INFO - Wit response: {'entities': {'bot_action:bot_action': [{'body': 'abrir', 'confidence': 0.9995, 'end': 5, 'entities': [], 'id': '1156334359085733', 'name': 'bot_action', 'role': 'bot_action', 'start': 0, 'type': 'value', 'value': 'abrir'}], 'bot_object:bot_object': [{'body': 'navegador', 'confidence': 0.9995, 'end': 15, 'entities': [], 'id': '863066451669841', 'name': 'bot_object', 'role': 'bot_object', 'start': 6, 'type': 'value', 'value': 'navegador'}]}, 'intents': [{'confidence': 0.976192202652154, 'id': '628379132712666', 'name': 'open_browser'}], 'speech': {'confidence': 0.9193, 'tokens': [{'end': 0, 'start': 0, 'token': ''}, {'end': 1280, 'start': 280, 'token': 'abrir'}, {'end': 2240, 'start': 1280, 'token': 'navegador.'}, {'end': 2400, 'start': 2240, 'token': ''}]}, 'text': 'abrir navegador', 'traits': {}}
root - INFO - ----------
urllib3.connectionpool - DEBUG - Starting new HTTPS connection (1): api.wit.ai:443
urllib3.connectionpool - DEBUG - https://api.wit.ai:443 "POST /speech HTTP/1.1" 200 1233
root - INFO - Wit response: {'entities': {'bot_action:bot_action': [{'body': 'abrir', 'confidence': 0.9995, 'end': 5, 'entities': [], 'id': '1156334359085733', 'name': 'bot_action', 'role': 'bot_action', 'start': 0, 'type': 'value', 'value': 'abrir'}], 'bot_object:bot_object': [{'body': 'navegador', 'confidence': 0.9995, 'end': 15, 'entities': [], 'id': '863066451669841', 'name': 'bot_object', 'role': 'bot_object', 'start': 6, 'type': 'value', 'value': 'navegador'}]}, 'intents': [{'confidence': 0.976192202652154, 'id': '628379132712666', 'name': 'open_browser'}], 'speech': {'confidence': 0.9193, 'tokens': [{'end': 0, 'start': 0, 'token': ''}, {'end': 1040, 'start': 40, 'token': 'abrir'}, {'end': 2080, 'start': 1080, 'token': 'navegador.'}, {'end': 2400, 'start': 2080, 'token': ''}]}, 'text': 'abrir navegador', 'traits': {}}
root - INFO - ----------
urllib3.connectionpool - DEBUG - Starting new HTTPS connection (1): api.wit.ai:443
urllib3.connectionpool - DEBUG - https://api.wit.ai:443 "POST /speech HTTP/1.1" 200 1239
urllib3.connectionpool - DEBUG - Starting new HTTPS connection (1): api.wit.ai:443
urllib3.connectionpool - DEBUG - https://api.wit.ai:443 "POST /speech HTTP/1.1" 200 1238
root - INFO - Wit response: {'entities': {'bot_action:bot_action': [{'body': 'cerrar', 'confidence': 0.9995, 'end': 6, 'entities': [], 'id': '1156334359085733', 'name': 'bot_action', 'role': 'bot_action', 'start': 0, 'type': 'value', 'value': 'cerrar'}], 'bot_object:bot_object': [{'body': 'navegador', 'confidence': 0.9995, 'end': 16, 'entities': [], 'id': '863066451669841', 'name': 'bot_object', 'role': 'bot_object', 'start': 7, 'type': 'value', 'value': 'navegador'}]}, 'intents': [{'confidence': 0.9637626032768902, 'id': '780380590509521', 'name': 'close_browser'}], 'speech': {'confidence': 0.782, 'tokens': [{'end': 0, 'start': 0, 'token': ''}, {'end': 1440, 'start': 440, 'token': 'cerrar'}, {'end': 2320, 'start': 1440, 'token': 'navegador'}, {'end': 2320, 'start': 2320, 'token': ''}]}, 'text': 'cerrar navegador', 'traits': {}}
root - INFO - ----------
urllib3.connectionpool - DEBUG - Starting new HTTPS connection (1): api.wit.ai:443
urllib3.connectionpool - DEBUG - https://api.wit.ai:443 "POST /speech HTTP/1.1" 200 1234
root - INFO - Wit response: {'entities': {'bot_action:bot_action': [{'body': 'abrir', 'confidence': 0.9995, 'end': 5, 'entities': [], 'id': '1156334359085733', 'name': 'bot_action', 'role': 'bot_action', 'start': 0, 'type': 'value', 'value': 'abrir'}], 'bot_object:bot_object': [{'body': 'navegador', 'confidence': 0.9995, 'end': 15, 'entities': [], 'id': '863066451669841', 'name': 'bot_object', 'role': 'bot_object', 'start': 6, 'type': 'value', 'value': 'navegador'}]}, 'intents': [{'confidence': 0.976192202652154, 'id': '628379132712666', 'name': 'open_browser'}], 'speech': {'confidence': 0.8615, 'tokens': [{'end': 0, 'start': 0, 'token': ''}, {'end': 1120, 'start': 120, 'token': 'abrir'}, {'end': 2160, 'start': 1160, 'token': 'navegador.'}, {'end': 2400, 'start': 2160, 'token': ''}]}, 'text': 'abrir navegador', 'traits': {}}
root - INFO - ----------
urllib3.connectionpool - DEBUG - Starting new HTTPS connection (1): api.wit.ai:443
urllib3.connectionpool - DEBUG - https://api.wit.ai:443 "POST /speech HTTP/1.1" 200 1837
root - INFO - Wit response: {'entities': {'bot_action:bot_action': [{'body': 'Te', 'confidence': 0.6523486907205064, 'end': 3, 'entities': [], 'id': '1156334359085733', 'name': 'bot_action', 'role': 'bot_action', 'start': 1, 'suggested': True, 'type': 'value', 'value': 'Te'}, {'body': 'Abrí', 'confidence': 0.999, 'end': 15, 'entities': [], 'id': '1156334359085733', 'name': 'bot_action', 'role': 'bot_action', 'start': 11, 'suggested': True, 'type': 'value', 'value': 'Abrí'}], 'bot_object:bot_object': [{'body': 'navegador', 'confidence': 0.9995, 'end': 28, 'entities': [], 'id': '863066451669841', 'name': 'bot_object', 'role': 'bot_object', 'start': 19, 'type': 'value', 'value': 'navegador'}]}, 'intents': [{'confidence': 0.998489875630479, 'id': '628379132712666', 'name': 'open_browser'}], 'speech': {'confidence': 0.8332, 'tokens': [{'end': 0, 'start': 0, 'token': ''}, {'end': 480, 'start': 0, 'token': '¿Te'}, {'end': 560, 'start': 480, 'token': 'gusta?'}, {'end': 1040, 'start': 560, 'token': 'Abrí'}, {'end': 1200, 'start': 1040, 'token': 'un'}, {'end': 1600, 'start': 1200, 'token': 'navegador'}, {'end': 1600, 'start': 1600, 'token': ''}]}, 'text': '¿Te gusta? Abrí un navegador', 'traits': {}}
root - INFO - ----------
urllib3.connectionpool - DEBUG - Starting new HTTPS connection (1): api.wit.ai:443
urllib3.connectionpool - DEBUG - https://api.wit.ai:443 "POST /speech HTTP/1.1" 200 1819
urllib3.connectionpool - DEBUG - Starting new HTTPS connection (1): api.wit.ai:443
urllib3.connectionpool - DEBUG - https://api.wit.ai:443 "POST /speech HTTP/1.1" 200 1653
urllib3.connectionpool - DEBUG - Starting new HTTPS connection (1): api.wit.ai:443
urllib3.connectionpool - DEBUG - https://api.wit.ai:443 "POST /speech HTTP/1.1" 200 1239
root - INFO - Wit response: {'entities': {'bot_action:bot_action': [{'body': 'cerrar', 'confidence': 0.9995, 'end': 6, 'entities': [], 'id': '1156334359085733', 'name': 'bot_action', 'role': 'bot_action', 'start': 0, 'type': 'value', 'value': 'cerrar'}], 'bot_object:bot_object': [{'body': 'navegador', 'confidence': 0.9995, 'end': 16, 'entities': [], 'id': '863066451669841', 'name': 'bot_object', 'role': 'bot_object', 'start': 7, 'type': 'value', 'value': 'navegador'}]}, 'intents': [{'confidence': 0.9637626032768902, 'id': '780380590509521', 'name': 'close_browser'}], 'speech': {'confidence': 0.8615, 'tokens': [{'end': 0, 'start': 0, 'token': ''}, {'end': 1680, 'start': 680, 'token': 'cerrar'}, {'end': 2320, 'start': 1680, 'token': 'navegador'}, {'end': 2320, 'start': 2320, 'token': ''}]}, 'text': 'cerrar navegador', 'traits': {}}
root - INFO - ----------
urllib3.connectionpool - DEBUG - Starting new HTTPS connection (1): api.wit.ai:443
urllib3.connectionpool - DEBUG - Starting new HTTPS connection (1): api.wit.ai:443
urllib3.connectionpool - DEBUG - https://api.wit.ai:443 "POST /speech HTTP/1.1" 200 1239
root - INFO - Wit response: {'entities': {'bot_action:bot_action': [{'body': 'cerrar', 'confidence': 0.9995, 'end': 6, 'entities': [], 'id': '1156334359085733', 'name': 'bot_action', 'role': 'bot_action', 'start': 0, 'type': 'value', 'value': 'cerrar'}], 'bot_object:bot_object': [{'body': 'navegador', 'confidence': 0.9995, 'end': 16, 'entities': [], 'id': '863066451669841', 'name': 'bot_object', 'role': 'bot_object', 'start': 7, 'type': 'value', 'value': 'navegador'}]}, 'intents': [{'confidence': 0.9637626032768902, 'id': '780380590509521', 'name': 'close_browser'}], 'speech': {'confidence': 0.6582, 'tokens': [{'end': 0, 'start': 0, 'token': ''}, {'end': 1600, 'start': 600, 'token': 'cerrar'}, {'end': 2800, 'start': 1800, 'token': 'navegador'}, {'end': 2800, 'start': 2800, 'token': ''}]}, 'text': 'cerrar navegador', 'traits': {}}
root - INFO - ----------
urllib3.connectionpool - DEBUG - https://api.wit.ai:443 "POST /speech HTTP/1.1" 200 1232
root - INFO - Wit response: {'entities': {'bot_action:bot_action': [{'body': 'cerrar', 'confidence': 0.9995, 'end': 6, 'entities': [], 'id': '1156334359085733', 'name': 'bot_action', 'role': 'bot_action', 'start': 0, 'type': 'value', 'value': 'cerrar'}], 'bot_object:bot_object': [{'body': 'navegado', 'confidence': 1, 'end': 15, 'entities': [], 'id': '863066451669841', 'name': 'bot_object', 'role': 'bot_object', 'start': 7, 'type': 'value', 'value': 'navegador'}]}, 'intents': [{'confidence': 0.9938557911472677, 'id': '780380590509521', 'name': 'close_browser'}], 'speech': {'confidence': 0.8134, 'tokens': [{'end': 0, 'start': 0, 'token': ''}, {'end': 2800, 'start': 1800, 'token': 'cerrar'}, {'end': 3440, 'start': 2800, 'token': 'navegado'}, {'end': 3440, 'start': 3440, 'token': ''}]}, 'text': 'cerrar navegado', 'traits': {}}
root - INFO - ----------
urllib3.connectionpool - DEBUG - Starting new HTTPS connection (1): api.wit.ai:443
urllib3.connectionpool - DEBUG - https://api.wit.ai:443 "POST /speech HTTP/1.1" 200 1231
root - INFO - Wit response: {'entities': {'bot_action:bot_action': [{'body': 'Ab', 'confidence': 0.9995, 'end': 2, 'entities': [], 'id': '1156334359085733', 'name': 'bot_action', 'role': 'bot_action', 'start': 0, 'type': 'value', 'value': 'abri'}], 'bot_object:bot_object': [{'body': 'navegador', 'confidence': 0.9995, 'end': 15, 'entities': [], 'id': '863066451669841', 'name': 'bot_object', 'role': 'bot_object', 'start': 6, 'type': 'value', 'value': 'navegador'}]}, 'intents': [{'confidence': 0.9898506364888874, 'id': '628379132712666', 'name': 'open_browser'}], 'speech': {'confidence': 0.8101, 'tokens': [{'end': 0, 'start': 0, 'token': ''}, {'end': 1120, 'start': 120, 'token': 'Abrir'}, {'end': 1760, 'start': 1120, 'token': 'navegador.'}, {'end': 1920, 'start': 1760, 'token': ''}]}, 'text': 'Abrir navegador', 'traits': {}}
root - INFO - ----------
urllib3.connectionpool - DEBUG - Starting new HTTPS connection (1): api.wit.ai:443
urllib3.connectionpool - DEBUG - https://api.wit.ai:443 "POST /speech HTTP/1.1" 200 1239
root - INFO - Wit response: {'entities': {'bot_action:bot_action': [{'body': 'cerrar', 'confidence': 0.9995, 'end': 6, 'entities': [], 'id': '1156334359085733', 'name': 'bot_action', 'role': 'bot_action', 'start': 0, 'type': 'value', 'value': 'cerrar'}], 'bot_object:bot_object': [{'body': 'navegador', 'confidence': 0.9995, 'end': 16, 'entities': [], 'id': '863066451669841', 'name': 'bot_object', 'role': 'bot_object', 'start': 7, 'type': 'value', 'value': 'navegador'}]}, 'intents': [{'confidence': 0.9637626032768902, 'id': '780380590509521', 'name': 'close_browser'}], 'speech': {'confidence': 0.9194, 'tokens': [{'end': 0, 'start': 0, 'token': ''}, {'end': 1760, 'start': 760, 'token': 'cerrar'}, {'end': 2400, 'start': 1760, 'token': 'navegador'}, {'end': 2400, 'start': 2400, 'token': ''}]}, 'text': 'cerrar navegador', 'traits': {}}
root - INFO - ----------
urllib3.connectionpool - DEBUG - Starting new HTTPS connection (1): api.wit.ai:443
urllib3.connectionpool - DEBUG - https://api.wit.ai:443 "POST /speech HTTP/1.1" 200 1239
root - INFO - Wit response: {'entities': {'bot_action:bot_action': [{'body': 'cerrar', 'confidence': 0.9995, 'end': 6, 'entities': [], 'id': '1156334359085733', 'name': 'bot_action', 'role': 'bot_action', 'start': 0, 'type': 'value', 'value': 'cerrar'}], 'bot_object:bot_object': [{'body': 'navegador', 'confidence': 0.9995, 'end': 16, 'entities': [], 'id': '863066451669841', 'name': 'bot_object', 'role': 'bot_object', 'start': 7, 'type': 'value', 'value': 'navegador'}]}, 'intents': [{'confidence': 0.9637626032768902, 'id': '780380590509521', 'name': 'close_browser'}], 'speech': {'confidence': 0.8648, 'tokens': [{'end': 0, 'start': 0, 'token': ''}, {'end': 1200, 'start': 200, 'token': 'cerrar'}, {'end': 1920, 'start': 1200, 'token': 'navegador'}, {'end': 1920, 'start': 1920, 'token': ''}]}, 'text': 'cerrar navegador', 'traits': {}}
root - INFO - ----------
urllib3.connectionpool - DEBUG - Starting new HTTPS connection (1): api.wit.ai:443
urllib3.connectionpool - DEBUG - https://api.wit.ai:443 "POST /speech HTTP/1.1" 200 1232
root - INFO - Wit response: {'entities': {'bot_action:bot_action': [{'body': 'abrir', 'confidence': 0.9995, 'end': 5, 'entities': [], 'id': '1156334359085733', 'name': 'bot_action', 'role': 'bot_action', 'start': 0, 'type': 'value', 'value': 'abrir'}], 'bot_object:bot_object': [{'body': 'navegador', 'confidence': 0.9995, 'end': 15, 'entities': [], 'id': '863066451669841', 'name': 'bot_object', 'role': 'bot_object', 'start': 6, 'type': 'value', 'value': 'navegador'}]}, 'intents': [{'confidence': 0.976192202652154, 'id': '628379132712666', 'name': 'open_browser'}], 'speech': {'confidence': 0.918, 'tokens': [{'end': 0, 'start': 0, 'token': ''}, {'end': 1040, 'start': 40, 'token': 'abrir'}, {'end': 2000, 'start': 1040, 'token': 'navegador.'}, {'end': 2080, 'start': 2000, 'token': ''}]}, 'text': 'abrir navegador', 'traits': {}}
root - INFO - ----------
urllib3.connectionpool - DEBUG - Starting new HTTPS connection (1): api.wit.ai:443
urllib3.connectionpool - DEBUG - https://api.wit.ai:443 "POST /speech HTTP/1.1" 200 1239
root - INFO - Wit response: {'entities': {'bot_action:bot_action': [{'body': 'cerrar', 'confidence': 0.9995, 'end': 6, 'entities': [], 'id': '1156334359085733', 'name': 'bot_action', 'role': 'bot_action', 'start': 0, 'type': 'value', 'value': 'cerrar'}], 'bot_object:bot_object': [{'body': 'navegador', 'confidence': 0.9995, 'end': 16, 'entities': [], 'id': '863066451669841', 'name': 'bot_object', 'role': 'bot_object', 'start': 7, 'type': 'value', 'value': 'navegador'}]}, 'intents': [{'confidence': 0.9637626032768902, 'id': '780380590509521', 'name': 'close_browser'}], 'speech': {'confidence': 0.8645, 'tokens': [{'end': 0, 'start': 0, 'token': ''}, {'end': 1840, 'start': 840, 'token': 'cerrar'}, {'end': 2400, 'start': 1840, 'token': 'navegador'}, {'end': 2400, 'start': 2400, 'token': ''}]}, 'text': 'cerrar navegador', 'traits': {}}
root - INFO - ----------
urllib3.connectionpool - DEBUG - Starting new HTTPS connection (1): api.wit.ai:443
urllib3.connectionpool - DEBUG - https://api.wit.ai:443 "POST /speech HTTP/1.1" 200 1240
root - INFO - Wit response: {'entities': {'bot_action:bot_action': [{'body': 'cerrar', 'confidence': 0.9995, 'end': 6, 'entities': [], 'id': '1156334359085733', 'name': 'bot_action', 'role': 'bot_action', 'start': 0, 'type': 'value', 'value': 'cerrar'}], 'bot_object:bot_object': [{'body': 'navegador', 'confidence': 0.9995, 'end': 16, 'entities': [], 'id': '863066451669841', 'name': 'bot_object', 'role': 'bot_object', 'start': 7, 'type': 'value', 'value': 'navegador'}]}, 'intents': [{'confidence': 0.9637626032768902, 'id': '780380590509521', 'name': 'close_browser'}], 'speech': {'confidence': 0.9236, 'tokens': [{'end': 0, 'start': 0, 'token': ''}, {'end': 1680, 'start': 680, 'token': 'cerrar'}, {'end': 2400, 'start': 1680, 'token': 'navegador.'}, {'end': 2480, 'start': 2400, 'token': ''}]}, 'text': 'cerrar navegador', 'traits': {}}
root - INFO - ----------
urllib3.connectionpool - DEBUG - Starting new HTTPS connection (1): api.wit.ai:443
urllib3.connectionpool - DEBUG - https://api.wit.ai:443 "POST /speech HTTP/1.1" 200 1230
root - INFO - Wit response: {'entities': {'bot_action:bot_action': [{'body': 'Ab', 'confidence': 0.9995, 'end': 2, 'entities': [], 'id': '1156334359085733', 'name': 'bot_action', 'role': 'bot_action', 'start': 0, 'type': 'value', 'value': 'abri'}], 'bot_object:bot_object': [{'body': 'navegador', 'confidence': 0.9995, 'end': 15, 'entities': [], 'id': '863066451669841', 'name': 'bot_object', 'role': 'bot_object', 'start': 6, 'type': 'value', 'value': 'navegador'}]}, 'intents': [{'confidence': 0.9898506364888874, 'id': '628379132712666', 'name': 'open_browser'}], 'speech': {'confidence': 0.7435, 'tokens': [{'end': 0, 'start': 0, 'token': ''}, {'end': 1680, 'start': 680, 'token': 'Abrir'}, {'end': 2240, 'start': 1680, 'token': 'navegador'}, {'end': 2240, 'start': 2240, 'token': ''}]}, 'text': 'Abrir navegador', 'traits': {}}
root - INFO - ----------
urllib3.connectionpool - DEBUG - Starting new HTTPS connection (1): api.wit.ai:443
urllib3.connectionpool - DEBUG - https://api.wit.ai:443 "POST /speech HTTP/1.1" 200 1239
root - INFO - Wit response: {'entities': {'bot_action:bot_action': [{'body': 'cerrar', 'confidence': 0.9995, 'end': 6, 'entities': [], 'id': '1156334359085733', 'name': 'bot_action', 'role': 'bot_action', 'start': 0, 'type': 'value', 'value': 'cerrar'}], 'bot_object:bot_object': [{'body': 'navegador', 'confidence': 0.9995, 'end': 16, 'entities': [], 'id': '863066451669841', 'name': 'bot_object', 'role': 'bot_object', 'start': 7, 'type': 'value', 'value': 'navegador'}]}, 'intents': [{'confidence': 0.9637626032768902, 'id': '780380590509521', 'name': 'close_browser'}], 'speech': {'confidence': 0.9289, 'tokens': [{'end': 0, 'start': 0, 'token': ''}, {'end': 1280, 'start': 280, 'token': 'cerrar'}, {'end': 1920, 'start': 1280, 'token': 'navegador'}, {'end': 1920, 'start': 1920, 'token': ''}]}, 'text': 'cerrar navegador', 'traits': {}}
root - INFO - ----------
urllib3.connectionpool - DEBUG - Starting new HTTPS connection (1): api.wit.ai:443
urllib3.connectionpool - DEBUG - https://api.wit.ai:443 "POST /speech HTTP/1.1" 200 1229
root - INFO - Wit response: {'entities': {'bot_action:bot_action': [{'body': 'abrir', 'confidence': 0.9995, 'end': 5, 'entities': [], 'id': '1156334359085733', 'name': 'bot_action', 'role': 'bot_action', 'start': 0, 'type': 'value', 'value': 'abrir'}], 'bot_object:bot_object': [{'body': 'navegador', 'confidence': 0.9995, 'end': 15, 'entities': [], 'id': '863066451669841', 'name': 'bot_object', 'role': 'bot_object', 'start': 6, 'type': 'value', 'value': 'navegador'}]}, 'intents': [{'confidence': 0.976192202652154, 'id': '628379132712666', 'name': 'open_browser'}], 'speech': {'confidence': 0.9194, 'tokens': [{'end': 0, 'start': 0, 'token': ''}, {'end': 880, 'start': 0, 'token': 'abrir'}, {'end': 1680, 'start': 880, 'token': 'navegador'}, {'end': 1680, 'start': 1680, 'token': ''}]}, 'text': 'abrir navegador', 'traits': {}}
root - INFO - ----------
urllib3.connectionpool - DEBUG - Starting new HTTPS connection (1): api.wit.ai:443
urllib3.connectionpool - DEBUG - https://api.wit.ai:443 "POST /speech HTTP/1.1" 200 1326
root - INFO - Wit response: {'entities': {'bot_action:bot_action': [{'body': 'cerrar', 'confidence': 0.9995, 'end': 6, 'entities': [], 'id': '1156334359085733', 'name': 'bot_action', 'role': 'bot_action', 'start': 0, 'type': 'value', 'value': 'cerrar'}], 'bot_object:bot_object': [{'body': 'navegador', 'confidence': 0.9995, 'end': 19, 'entities': [], 'id': '863066451669841', 'name': 'bot_object', 'role': 'bot_object', 'start': 10, 'type': 'value', 'value': 'navegador'}]}, 'intents': [{'confidence': 0.9110145191862057, 'id': '780380590509521', 'name': 'close_browser'}], 'speech': {'confidence': 0.8592, 'tokens': [{'end': 0, 'start': 0, 'token': ''}, {'end': 1120, 'start': 120, 'token': 'cerrar'}, {'end': 1200, 'start': 1120, 'token': 'el'}, {'end': 1600, 'start': 1200, 'token': 'navegador'}, {'end': 1600, 'start': 1600, 'token': ''}]}, 'text': 'cerrar el navegador', 'traits': {}}
root - INFO - ----------
urllib3.connectionpool - DEBUG - Starting new HTTPS connection (1): api.wit.ai:443
urllib3.connectionpool - DEBUG - https://api.wit.ai:443 "POST /speech HTTP/1.1" 200 1321
root - INFO - Wit response: {'entities': {'bot_action:bot_action': [{'body': 'cerra', 'confidence': 0.9995, 'end': 5, 'entities': [], 'id': '1156334359085733', 'name': 'bot_action', 'role': 'bot_action', 'start': 0, 'type': 'value', 'value': 'cerra'}], 'bot_object:bot_object': [{'body': 'navegador', 'confidence': 0.9995, 'end': 18, 'entities': [], 'id': '863066451669841', 'name': 'bot_object', 'role': 'bot_object', 'start': 9, 'type': 'value', 'value': 'navegador'}]}, 'intents': [{'confidence': 0.9370842916516016, 'id': '780380590509521', 'name': 'close_browser'}], 'speech': {'confidence': 0.8931, 'tokens': [{'end': 0, 'start': 0, 'token': ''}, {'end': 1680, 'start': 680, 'token': 'cerra'}, {'end': 1840, 'start': 1680, 'token': 'el'}, {'end': 2400, 'start': 1840, 'token': 'navegador'}, {'end': 2400, 'start': 2400, 'token': ''}]}, 'text': 'cerra el navegador', 'traits': {}}
root - INFO - ----------
urllib3.connectionpool - DEBUG - Starting new HTTPS connection (1): api.wit.ai:443
urllib3.connectionpool - DEBUG - https://api.wit.ai:443 "POST /speech HTTP/1.1" 200 1237
root - INFO - Wit response: {'entities': {'bot_action:bot_action': [{'body': 'cerrar', 'confidence': 0.9995, 'end': 6, 'entities': [], 'id': '1156334359085733', 'name': 'bot_action', 'role': 'bot_action', 'start': 0, 'type': 'value', 'value': 'cerrar'}], 'bot_object:bot_object': [{'body': 'navegador', 'confidence': 0.9995, 'end': 16, 'entities': [], 'id': '863066451669841', 'name': 'bot_object', 'role': 'bot_object', 'start': 7, 'type': 'value', 'value': 'navegador'}]}, 'intents': [{'confidence': 0.9637626032768902, 'id': '780380590509521', 'name': 'close_browser'}], 'speech': {'confidence': 0.965, 'tokens': [{'end': 0, 'start': 0, 'token': ''}, {'end': 1040, 'start': 40, 'token': 'cerrar'}, {'end': 1600, 'start': 1040, 'token': 'navegador'}, {'end': 1600, 'start': 1600, 'token': ''}]}, 'text': 'cerrar navegador', 'traits': {}}
root - INFO - ----------
urllib3.connectionpool - DEBUG - Starting new HTTPS connection (1): api.wit.ai:443
urllib3.connectionpool - DEBUG - https://api.wit.ai:443 "POST /speech HTTP/1.1" 200 67
urllib3.connectionpool - DEBUG - Starting new HTTPS connection (1): api.wit.ai:443
urllib3.connectionpool - DEBUG - https://api.wit.ai:443 "POST /speech HTTP/1.1" 200 1229
root - INFO - Wit response: {'entities': {'bot_action:bot_action': [{'body': 'abrir', 'confidence': 0.9995, 'end': 5, 'entities': [], 'id': '1156334359085733', 'name': 'bot_action', 'role': 'bot_action', 'start': 0, 'type': 'value', 'value': 'abrir'}], 'bot_object:bot_object': [{'body': 'navegador', 'confidence': 0.9995, 'end': 15, 'entities': [], 'id': '863066451669841', 'name': 'bot_object', 'role': 'bot_object', 'start': 6, 'type': 'value', 'value': 'navegador'}]}, 'intents': [{'confidence': 0.976192202652154, 'id': '628379132712666', 'name': 'open_browser'}], 'speech': {'confidence': 0.7913, 'tokens': [{'end': 0, 'start': 0, 'token': ''}, {'end': 880, 'start': 0, 'token': 'abrir'}, {'end': 1920, 'start': 920, 'token': 'navegador'}, {'end': 1920, 'start': 1920, 'token': ''}]}, 'text': 'abrir navegador', 'traits': {}}
root - INFO - ----------
urllib3.connectionpool - DEBUG - Starting new HTTPS connection (1): api.wit.ai:443
urllib3.connectionpool - DEBUG - https://api.wit.ai:443 "POST /speech HTTP/1.1" 200 67
urllib3.connectionpool - DEBUG - Starting new HTTPS connection (1): api.wit.ai:443
urllib3.connectionpool - DEBUG - https://api.wit.ai:443 "POST /speech HTTP/1.1" 200 1235
root - INFO - Wit response: {'entities': {'bot_action:bot_action': [{'body': 'Cer', 'confidence': 0.9995, 'end': 3, 'entities': [], 'id': '1156334359085733', 'name': 'bot_action', 'role': 'bot_action', 'start': 0, 'type': 'value', 'value': 'cerra'}], 'bot_object:bot_object': [{'body': 'navegador', 'confidence': 0.9995, 'end': 16, 'entities': [], 'id': '863066451669841', 'name': 'bot_object', 'role': 'bot_object', 'start': 7, 'type': 'value', 'value': 'navegador'}]}, 'intents': [{'confidence': 0.950530661812643, 'id': '780380590509521', 'name': 'close_browser'}], 'speech': {'confidence': 0.8594, 'tokens': [{'end': 0, 'start': 0, 'token': ''}, {'end': 2160, 'start': 1160, 'token': 'Cerrar'}, {'end': 2800, 'start': 2160, 'token': 'navegador'}, {'end': 2800, 'start': 2800, 'token': ''}]}, 'text': 'Cerrar navegador', 'traits': {}}
root - INFO - ----------
urllib3.connectionpool - DEBUG - Starting new HTTPS connection (1): api.wit.ai:443
urllib3.connectionpool - DEBUG - https://api.wit.ai:443 "POST /speech HTTP/1.1" 200 1239
root - INFO - Wit response: {'entities': {'bot_action:bot_action': [{'body': 'cerrar', 'confidence': 0.9995, 'end': 6, 'entities': [], 'id': '1156334359085733', 'name': 'bot_action', 'role': 'bot_action', 'start': 0, 'type': 'value', 'value': 'cerrar'}], 'bot_object:bot_object': [{'body': 'navegador', 'confidence': 0.9995, 'end': 16, 'entities': [], 'id': '863066451669841', 'name': 'bot_object', 'role': 'bot_object', 'start': 7, 'type': 'value', 'value': 'navegador'}]}, 'intents': [{'confidence': 0.9639109980219397, 'id': '780380590509521', 'name': 'close_browser'}], 'speech': {'confidence': 0.8203, 'tokens': [{'end': 0, 'start': 0, 'token': ''}, {'end': 1440, 'start': 440, 'token': 'cerrar'}, {'end': 2160, 'start': 1440, 'token': 'navegador'}, {'end': 2160, 'start': 2160, 'token': ''}]}, 'text': 'cerrar navegador', 'traits': {}}
root - INFO - ----------
urllib3.connectionpool - DEBUG - Starting new HTTPS connection (1): api.wit.ai:443
urllib3.connectionpool - DEBUG - https://api.wit.ai:443 "POST /speech HTTP/1.1" 200 1229
root - INFO - Wit response: {'entities': {'bot_action:bot_action': [{'body': 'abrir', 'confidence': 0.9995, 'end': 5, 'entities': [], 'id': '1156334359085733', 'name': 'bot_action', 'role': 'bot_action', 'start': 0, 'type': 'value', 'value': 'abrir'}], 'bot_object:bot_object': [{'body': 'navegador', 'confidence': 0.9995, 'end': 15, 'entities': [], 'id': '863066451669841', 'name': 'bot_object', 'role': 'bot_object', 'start': 6, 'type': 'value', 'value': 'navegador'}]}, 'intents': [{'confidence': 0.976192202652154, 'id': '628379132712666', 'name': 'open_browser'}], 'speech': {'confidence': 0.8629, 'tokens': [{'end': 0, 'start': 0, 'token': ''}, {'end': 880, 'start': 0, 'token': 'abrir'}, {'end': 1840, 'start': 880, 'token': 'navegador'}, {'end': 1840, 'start': 1840, 'token': ''}]}, 'text': 'abrir navegador', 'traits': {}}
root - INFO - ----------
urllib3.connectionpool - DEBUG - Starting new HTTPS connection (1): api.wit.ai:443
urllib3.connectionpool - DEBUG - https://api.wit.ai:443 "POST /speech HTTP/1.1" 200 1239
root - INFO - Wit response: {'entities': {'bot_action:bot_action': [{'body': 'cerrar', 'confidence': 0.9995, 'end': 6, 'entities': [], 'id': '1156334359085733', 'name': 'bot_action', 'role': 'bot_action', 'start': 0, 'type': 'value', 'value': 'cerrar'}], 'bot_object:bot_object': [{'body': 'navegador', 'confidence': 0.9995, 'end': 16, 'entities': [], 'id': '863066451669841', 'name': 'bot_object', 'role': 'bot_object', 'start': 7, 'type': 'value', 'value': 'navegador'}]}, 'intents': [{'confidence': 0.9639109980219397, 'id': '780380590509521', 'name': 'close_browser'}], 'speech': {'confidence': 0.7275, 'tokens': [{'end': 0, 'start': 0, 'token': ''}, {'end': 1360, 'start': 360, 'token': 'cerrar'}, {'end': 2080, 'start': 1360, 'token': 'navegador'}, {'end': 2080, 'start': 2080, 'token': ''}]}, 'text': 'cerrar navegador', 'traits': {}}
root - INFO - ----------
urllib3.connectionpool - DEBUG - Starting new HTTPS connection (1): api.wit.ai:443
urllib3.connectionpool - DEBUG - https://api.wit.ai:443 "POST /speech HTTP/1.1" 200 1231
root - INFO - Wit response: {'entities': {'bot_action:bot_action': [{'body': 'Ab', 'confidence': 0.9995, 'end': 2, 'entities': [], 'id': '1156334359085733', 'name': 'bot_action', 'role': 'bot_action', 'start': 0, 'type': 'value', 'value': 'abri'}], 'bot_object:bot_object': [{'body': 'navegador', 'confidence': 0.9995, 'end': 15, 'entities': [], 'id': '863066451669841', 'name': 'bot_object', 'role': 'bot_object', 'start': 6, 'type': 'value', 'value': 'navegador'}]}, 'intents': [{'confidence': 0.9898231891048133, 'id': '628379132712666', 'name': 'open_browser'}], 'speech': {'confidence': 0.6441, 'tokens': [{'end': 0, 'start': 0, 'token': ''}, {'end': 1760, 'start': 760, 'token': 'Abrir'}, {'end': 2320, 'start': 1760, 'token': 'navegador.'}, {'end': 2480, 'start': 2320, 'token': ''}]}, 'text': 'Abrir navegador', 'traits': {}}
root - INFO - ----------
urllib3.connectionpool - DEBUG - Starting new HTTPS connection (1): api.wit.ai:443
urllib3.connectionpool - DEBUG - https://api.wit.ai:443 "POST /speech HTTP/1.1" 200 1239
root - INFO - Wit response: {'entities': {'bot_action:bot_action': [{'body': 'cerrar', 'confidence': 0.9995, 'end': 6, 'entities': [], 'id': '1156334359085733', 'name': 'bot_action', 'role': 'bot_action', 'start': 0, 'type': 'value', 'value': 'cerrar'}], 'bot_object:bot_object': [{'body': 'navegador', 'confidence': 0.9995, 'end': 16, 'entities': [], 'id': '863066451669841', 'name': 'bot_object', 'role': 'bot_object', 'start': 7, 'type': 'value', 'value': 'navegador'}]}, 'intents': [{'confidence': 0.9639109980219397, 'id': '780380590509521', 'name': 'close_browser'}], 'speech': {'confidence': 0.7919, 'tokens': [{'end': 0, 'start': 0, 'token': ''}, {'end': 1520, 'start': 520, 'token': 'cerrar'}, {'end': 2160, 'start': 1520, 'token': 'navegador'}, {'end': 2160, 'start': 2160, 'token': ''}]}, 'text': 'cerrar navegador', 'traits': {}}
root - INFO - ----------
